[debug] [2021-09-23T08:56:50.004Z] ----------------------------------------------------------------------
[debug] [2021-09-23T08:56:50.012Z] Command:       C:\Program Files\nodejs\node.exe C:\Users\91702\AppData\Roaming\npm\node_modules\firebase-tools\lib\bin\firebase.js login
[debug] [2021-09-23T08:56:50.013Z] CLI Version:   9.18.0
[debug] [2021-09-23T08:56:50.014Z] Platform:      win32
[debug] [2021-09-23T08:56:50.014Z] Node Version:  v14.16.1
[debug] [2021-09-23T08:56:50.017Z] Time:          Thu Sep 23 2021 14:26:50 GMT+0530 (India Standard Time)
[debug] [2021-09-23T08:56:50.017Z] ----------------------------------------------------------------------
[debug] 
[info] i  Firebase optionally collects CLI usage and error reporting information to help improve our products. Data is collected in accordance with Google's privacy policy (https://policies.google.com/privacy) and is not used to identify you.
 
[info] i  To change your data collection preference at any time, run `firebase logout` and log in again. 
[info] 
[info] Visit this URL on this device to log in:
[info] https://accounts.google.com/o/oauth2/auth?client_id=563584335869-fgrhgmd47bqnekij5i8b5pr03ho849e6.apps.googleusercontent.com&scope=email%20openid%20https%3A%2F%2Fwww.googleapis.com%2Fauth%2Fcloudplatformprojects.readonly%20https%3A%2F%2Fwww.googleapis.com%2Fauth%2Ffirebase%20https%3A%2F%2Fwww.googleapis.com%2Fauth%2Fcloud-platform&response_type=code&state=255919252&redirect_uri=http%3A%2F%2Flocalhost%3A9005
[info] 
[info] Waiting for authentication...
[debug] [2021-09-23T08:57:00.290Z] Error: spawn cmd ENOENT
    at Process.ChildProcess._handle.onexit (internal/child_process.js:269:19)
    at onErrorNT (internal/child_process.js:465:16)
    at processTicksAndRejections (internal/process/task_queues.js:80:21)
[error] 
[error] Error: An unexpected error has occurred.
[debug] [2021-09-23T09:11:45.560Z] ----------------------------------------------------------------------
[debug] [2021-09-23T09:11:45.567Z] Command:       C:\Program Files\nodejs\node.exe C:\Users\91702\AppData\Roaming\npm\node_modules\firebase-tools\lib\bin\firebase.js login
[debug] [2021-09-23T09:11:45.568Z] CLI Version:   9.18.0
[debug] [2021-09-23T09:11:45.568Z] Platform:      win32
[debug] [2021-09-23T09:11:45.568Z] Node Version:  v14.16.1
[debug] [2021-09-23T09:11:45.570Z] Time:          Thu Sep 23 2021 14:41:45 GMT+0530 (India Standard Time)
[debug] [2021-09-23T09:11:45.571Z] ----------------------------------------------------------------------
[debug] 
[info] i  Firebase optionally collects CLI usage and error reporting information to help improve our products. Data is collected in accordance with Google's privacy policy (https://policies.google.com/privacy) and is not used to identify you.
 
[info] i  To change your data collection preference at any time, run `firebase logout` and log in again. 
[info] 
[info] Visit this URL on this device to log in:
[info] https://accounts.google.com/o/oauth2/auth?client_id=563584335869-fgrhgmd47bqnekij5i8b5pr03ho849e6.apps.googleusercontent.com&scope=email%20openid%20https%3A%2F%2Fwww.googleapis.com%2Fauth%2Fcloudplatformprojects.readonly%20https%3A%2F%2Fwww.googleapis.com%2Fauth%2Ffirebase%20https%3A%2F%2Fwww.googleapis.com%2Fauth%2Fcloud-platform&response_type=code&state=526357764&redirect_uri=http%3A%2F%2Flocalhost%3A9005
[info] 
[info] Waiting for authentication...
[debug] [2021-09-23T09:11:47.949Z] Error: spawn cmd ENOENT
    at Process.ChildProcess._handle.onexit (internal/child_process.js:269:19)
    at onErrorNT (internal/child_process.js:465:16)
    at processTicksAndRejections (internal/process/task_queues.js:80:21)
[error] 
[error] Error: An unexpected error has occurred.
